<?xml version="1.0" encoding="UTF-8" ?>
<testsuite errors="0" skipped="0" tests="9" time="1.973" failures="0" name="at.volitsol.pems.domain.FacilityIntegrationTest">
  <properties>
[...]
</properties>
  <testcase classname="at.volitsol.pems.domain.FacilityIntegrationTest" time="0.01" name="testMarkerMethod"/>
  <testcase classname="at.volitsol.pems.domain.FacilityIntegrationTest" time="0.681" name="testFlush"/>
  <testcase classname="at.volitsol.pems.domain.FacilityIntegrationTest" time="0.18" name="testMerge"/>
  <testcase classname="at.volitsol.pems.domain.FacilityIntegrationTest" time="0.18" name="testPersist"/>
  <testcase classname="at.volitsol.pems.domain.FacilityIntegrationTest" time="0.221" name="testRemove"/>
  <testcase classname="at.volitsol.pems.domain.FacilityIntegrationTest" time="0.12" name="testCountFacilitys"/>
  <testcase classname="at.volitsol.pems.domain.FacilityIntegrationTest" time="0.2" name="testFindFacility"/>
  <testcase classname="at.volitsol.pems.domain.FacilityIntegrationTest" time="0.201" name="testFindAllFacilitys"/>
  <testcase classname="at.volitsol.pems.domain.FacilityIntegrationTest" time="0.17" name="testFindFacilityEntries"/>
</testsuite>